<?xml version="1.0" encoding="UTF-8"?>
<testsuite name="Academy Choucair" tests="1" skipped="1" failures="0" errors="0" timestamp="2021-06-05T04:27:52" hostname="LAPTOP-98M5F7CQ" time="29.497">
  <properties/>
  <testcase name="Search for automation course" classname="Academy Choucair" time="29.497">
    <skipped/>
  </testcase>
  <system-out><![CDATA[]]></system-out>
  <system-err><![CDATA[[Test worker] WARN net.thucydides.core.steps.BaseStepListener - stepStarted: net.thucydides.core.steps.ExecutedStepDescription@29083fea
[Test worker] WARN net.thucydides.core.steps.BaseStepListener - stepStarted: net.thucydides.core.steps.ExecutedStepDescription@2e35fb8
[Test worker] WARN net.thucydides.core.steps.BaseStepListener - stepStarted: net.thucydides.core.steps.ExecutedStepDescription@5e6646d6
jun 04, 2021 11:27:54 PM org.openqa.selenium.remote.DesiredCapabilities chrome
INFORMACIÓN: Using `new ChromeOptions()` is preferred to `DesiredCapabilities.chrome()`
[Test worker] INFO net.serenitybdd.core.webdriver.driverproviders.ProvideNewDriver - Instantiating driver
[Test worker] INFO net.serenitybdd.core.webdriver.driverproviders.ProvideNewDriver - Driver capabilities: Capabilities {acceptInsecureCerts: false, browserName: chrome, chrome.switches: --start-maximized, goog:chromeOptions: {args: [--start-maximized], extensions: []}, loggingPrefs: org.openqa.selenium.logging..., platform: ANY, version: }
Starting ChromeDriver 91.0.4472.19 (1bf021f248676a0b2ab3ee0561d83a59e424c23e-refs/branch-heads/4472@{#288}) on port 11112
Only local connections are allowed.
Please see https://chromedriver.chromium.org/security-considerations for suggestions on keeping ChromeDriver safe.
ChromeDriver was started successfully.
jun 04, 2021 11:28:03 PM org.openqa.selenium.remote.ProtocolHandshake createSession
INFORMACIÓN: Detected dialect: W3C
[Test worker] WARN net.thucydides.core.steps.BaseStepListener - stepFinished: current outcome:Search for automation course:Given than santiago wants to learn automation at the academy choucair
| strUser | strPassword |
| 1020750889 | Choucair2021* | [Santiago open up [santiago opens the Choucair academy page]]
[Test worker] WARN net.thucydides.core.steps.BaseStepListener - stepFinished: current outcome:Search for automation course:Given than santiago wants to learn automation at the academy choucair
| strUser | strPassword |
| 1020750889 | Choucair2021* | [Santiago open up [santiago opens the Choucair academy page]]
[Test worker] WARN net.thucydides.core.steps.BaseStepListener - stepStarted: net.thucydides.core.steps.ExecutedStepDescription@7525e403
[Test worker] WARN net.thucydides.core.steps.BaseStepListener - stepStarted: net.thucydides.core.steps.ExecutedStepDescription@317c0f5
[Test worker] WARN net.thucydides.core.steps.BaseStepListener - stepFinished: current outcome:Search for automation course:Given than santiago wants to learn automation at the academy choucair
| strUser | strPassword |
| 1020750889 | Choucair2021* | [Santiago open up [santiago opens the Choucair academy page], Santiago login [santiago clicks on button that shows us the form to login]]
[Test worker] WARN net.thucydides.core.steps.BaseStepListener - stepStarted: net.thucydides.core.steps.ExecutedStepDescription@35528705
[Test worker] WARN net.thucydides.core.steps.BaseStepListener - stepFinished: current outcome:Search for automation course:Given than santiago wants to learn automation at the academy choucair
| strUser | strPassword |
| 1020750889 | Choucair2021* | [Santiago open up [santiago opens the Choucair academy page], Santiago login [santiago clicks on button that shows us the form to login, santiago enters '1020750889' into were do we write the user]]
[Test worker] WARN net.thucydides.core.steps.BaseStepListener - stepStarted: net.thucydides.core.steps.ExecutedStepDescription@7b127fed
[Test worker] WARN net.thucydides.core.steps.BaseStepListener - stepFinished: current outcome:Search for automation course:Given than santiago wants to learn automation at the academy choucair
| strUser | strPassword |
| 1020750889 | Choucair2021* | [Santiago open up [santiago opens the Choucair academy page], Santiago login [santiago clicks on button that shows us the form to login, santiago enters '1020750889' into were do we write the user, santiago enters 'Choucair2021*' into were do we write the password]]
[Test worker] WARN net.thucydides.core.steps.BaseStepListener - stepStarted: net.thucydides.core.steps.ExecutedStepDescription@13794e40
[Test worker] WARN net.thucydides.core.steps.BaseStepListener - stepFinished: current outcome:Search for automation course:Given than santiago wants to learn automation at the academy choucair
| strUser | strPassword |
| 1020750889 | Choucair2021* | [Santiago open up [santiago opens the Choucair academy page], Santiago login [santiago clicks on button that shows us the form to login, santiago enters '1020750889' into were do we write the user, santiago enters 'Choucair2021*' into were do we write the password, santiago clicks on button to confirm login]]
[Test worker] WARN net.thucydides.core.steps.BaseStepListener - stepFinished: current outcome:Search for automation course:Given than santiago wants to learn automation at the academy choucair
| strUser | strPassword |
| 1020750889 | Choucair2021* | [Santiago open up [santiago opens the Choucair academy page], Santiago login [santiago clicks on button that shows us the form to login, santiago enters '1020750889' into were do we write the user, santiago enters 'Choucair2021*' into were do we write the password, santiago clicks on button to confirm login]]
[Test worker] WARN net.thucydides.core.steps.BaseStepListener - stepFinished: current outcome:Search for automation course:Given than santiago wants to learn automation at the academy choucair
| strUser | strPassword |
| 1020750889 | Choucair2021* | [Santiago open up [santiago opens the Choucair academy page], Santiago login [santiago clicks on button that shows us the form to login, santiago enters '1020750889' into were do we write the user, santiago enters 'Choucair2021*' into were do we write the password, santiago clicks on button to confirm login]]
[Test worker] WARN net.thucydides.core.steps.BaseStepListener - stepStarted: net.thucydides.core.steps.ExecutedStepDescription@6be8be9c
[Test worker] INFO net.thucydides.core.steps.ConsoleLoggingListener - TEST PENDING
[Test worker] WARN net.thucydides.core.steps.BaseStepListener - stepStarted: net.thucydides.core.steps.ExecutedStepDescription@30a6c428
[Test worker] WARN net.thucydides.core.steps.BaseStepListener - testFinished: Search for automation course:Given than santiago wants to learn automation at the academy choucair
| strUser | strPassword |
| 1020750889 | Choucair2021* | [Santiago open up [santiago opens the Choucair academy page], Santiago login [santiago clicks on button that shows us the form to login, santiago enters '1020750889' into were do we write the user, santiago enters 'Choucair2021*' into were do we write the password, santiago clicks on button to confirm login]], When he search for the course on the choucair academy platform
| strCourse |
| Foundation Level |, Then he finds the course called
| strCourse |
| Foundation Level |
[Test worker] WARN net.thucydides.core.steps.BaseStepListener - TestOutcomes: [Search for automation course:Given than santiago wants to learn automation at the academy choucair
| strUser | strPassword |
| 1020750889 | Choucair2021* | [Santiago open up [santiago opens the Choucair academy page], Santiago login [santiago clicks on button that shows us the form to login, santiago enters '1020750889' into were do we write the user, santiago enters 'Choucair2021*' into were do we write the password, santiago clicks on button to confirm login]], When he search for the course on the choucair academy platform
| strCourse |
| Foundation Level |, Then he finds the course called
| strCourse |
| Foundation Level |]
[Test worker] WARN net.thucydides.core.steps.BaseStepListener - Final testOutcomes: [Search for automation course:Given than santiago wants to learn automation at the academy choucair
| strUser | strPassword |
| 1020750889 | Choucair2021* | [Santiago open up [santiago opens the Choucair academy page], Santiago login [santiago clicks on button that shows us the form to login, santiago enters '1020750889' into were do we write the user, santiago enters 'Choucair2021*' into were do we write the password, santiago clicks on button to confirm login]], When he search for the course on the choucair academy platform
| strCourse |
| Foundation Level |, Then he finds the course called
| strCourse |
| Foundation Level |]
[Test worker] INFO net.thucydides.core.steps.ConsoleLoggingListener - 
          __  _____ _____ ____ _____   ____  _____ _   _ ____ ___ _   _  ____ 
 _       / / |_   _| ____/ ___|_   _| |  _ \| ____| \ | |  _ \_ _| \ | |/ ___|
(_)____ / /    | | |  _| \___ \ | |   | |_) |  _| |  \| | | | | ||  \| | |  _ 
 |_____/ /     | | | |___ ___) || |   |  __/| |___| |\  | |_| | || |\  | |_| |
(_)   /_/      |_| |_____|____/ |_|   |_|   |_____|_| \_|____/___|_| \_|\____|
                                                                                

TEST PENDING: Search for automation course
---------------------------------------------------------------------------------
]]></system-err>
</testsuite>
