<?xml version="1.0" encoding="UTF-8"?>
<testsuite name="Academy Choucair" tests="1" skipped="0" failures="0" errors="0" timestamp="2021-06-05T18:26:24" hostname="LAPTOP-98M5F7CQ" time="44.97">
  <properties/>
  <testcase name="Search for automation course" classname="Academy Choucair" time="44.97"/>
  <system-out><![CDATA[]]></system-out>
  <system-err><![CDATA[[Test worker] WARN net.thucydides.core.steps.BaseStepListener - stepStarted: net.thucydides.core.steps.ExecutedStepDescription@5b168060
[Test worker] WARN net.thucydides.core.steps.BaseStepListener - stepStarted: net.thucydides.core.steps.ExecutedStepDescription@17823937
[Test worker] WARN net.thucydides.core.steps.BaseStepListener - stepStarted: net.thucydides.core.steps.ExecutedStepDescription@db32788
jun 05, 2021 1:26:29 PM org.openqa.selenium.remote.DesiredCapabilities chrome
INFORMACIÓN: Using `new ChromeOptions()` is preferred to `DesiredCapabilities.chrome()`
[Test worker] INFO net.serenitybdd.core.webdriver.driverproviders.ProvideNewDriver - Instantiating driver
[Test worker] INFO net.serenitybdd.core.webdriver.driverproviders.ProvideNewDriver - Driver capabilities: Capabilities {acceptInsecureCerts: false, browserName: chrome, chrome.switches: --start-maximized, goog:chromeOptions: {args: [--start-maximized], extensions: []}, loggingPrefs: org.openqa.selenium.logging..., platform: ANY, version: }
Starting ChromeDriver 91.0.4472.19 (1bf021f248676a0b2ab3ee0561d83a59e424c23e-refs/branch-heads/4472@{#288}) on port 20006
Only local connections are allowed.
Please see https://chromedriver.chromium.org/security-considerations for suggestions on keeping ChromeDriver safe.
ChromeDriver was started successfully.
jun 05, 2021 1:26:38 PM org.openqa.selenium.remote.ProtocolHandshake createSession
INFORMACIÓN: Detected dialect: W3C
[Test worker] WARN net.thucydides.core.steps.BaseStepListener - stepFinished: current outcome:Search for automation course:Given than santiago wants to learn automation at the academy choucair
| strUser | strPassword |
| 1020750889 | Choucair2021* | [Santiago open up [santiago opens the Choucair academy page]]
[Test worker] WARN net.thucydides.core.steps.BaseStepListener - stepFinished: current outcome:Search for automation course:Given than santiago wants to learn automation at the academy choucair
| strUser | strPassword |
| 1020750889 | Choucair2021* | [Santiago open up [santiago opens the Choucair academy page]]
[Test worker] WARN net.thucydides.core.steps.BaseStepListener - stepStarted: net.thucydides.core.steps.ExecutedStepDescription@7e5a2a56
[Test worker] WARN net.thucydides.core.steps.BaseStepListener - stepStarted: net.thucydides.core.steps.ExecutedStepDescription@3e4c1616
[Test worker] WARN net.thucydides.core.steps.BaseStepListener - stepFinished: current outcome:Search for automation course:Given than santiago wants to learn automation at the academy choucair
| strUser | strPassword |
| 1020750889 | Choucair2021* | [Santiago open up [santiago opens the Choucair academy page], Santiago login [santiago clicks on button that shows us the form to login]]
[Test worker] WARN net.thucydides.core.steps.BaseStepListener - stepStarted: net.thucydides.core.steps.ExecutedStepDescription@7e4f64e4
[Test worker] WARN net.thucydides.core.steps.BaseStepListener - stepFinished: current outcome:Search for automation course:Given than santiago wants to learn automation at the academy choucair
| strUser | strPassword |
| 1020750889 | Choucair2021* | [Santiago open up [santiago opens the Choucair academy page], Santiago login [santiago clicks on button that shows us the form to login, santiago enters '1020750889' into were do we write the user]]
[Test worker] WARN net.thucydides.core.steps.BaseStepListener - stepStarted: net.thucydides.core.steps.ExecutedStepDescription@1a1cc84f
[Test worker] WARN net.thucydides.core.steps.BaseStepListener - stepFinished: current outcome:Search for automation course:Given than santiago wants to learn automation at the academy choucair
| strUser | strPassword |
| 1020750889 | Choucair2021* | [Santiago open up [santiago opens the Choucair academy page], Santiago login [santiago clicks on button that shows us the form to login, santiago enters '1020750889' into were do we write the user, santiago enters 'Choucair2021*' into were do we write the password]]
[Test worker] WARN net.thucydides.core.steps.BaseStepListener - stepStarted: net.thucydides.core.steps.ExecutedStepDescription@6c9cef20
[Test worker] WARN net.thucydides.core.steps.BaseStepListener - stepFinished: current outcome:Search for automation course:Given than santiago wants to learn automation at the academy choucair
| strUser | strPassword |
| 1020750889 | Choucair2021* | [Santiago open up [santiago opens the Choucair academy page], Santiago login [santiago clicks on button that shows us the form to login, santiago enters '1020750889' into were do we write the user, santiago enters 'Choucair2021*' into were do we write the password, santiago clicks on button to confirm login]]
[Test worker] WARN net.thucydides.core.steps.BaseStepListener - stepFinished: current outcome:Search for automation course:Given than santiago wants to learn automation at the academy choucair
| strUser | strPassword |
| 1020750889 | Choucair2021* | [Santiago open up [santiago opens the Choucair academy page], Santiago login [santiago clicks on button that shows us the form to login, santiago enters '1020750889' into were do we write the user, santiago enters 'Choucair2021*' into were do we write the password, santiago clicks on button to confirm login]]
[Test worker] WARN net.thucydides.core.steps.BaseStepListener - stepFinished: current outcome:Search for automation course:Given than santiago wants to learn automation at the academy choucair
| strUser | strPassword |
| 1020750889 | Choucair2021* | [Santiago open up [santiago opens the Choucair academy page], Santiago login [santiago clicks on button that shows us the form to login, santiago enters '1020750889' into were do we write the user, santiago enters 'Choucair2021*' into were do we write the password, santiago clicks on button to confirm login]]
[Test worker] WARN net.thucydides.core.steps.BaseStepListener - stepStarted: net.thucydides.core.steps.ExecutedStepDescription@6e122f9
[Test worker] WARN net.thucydides.core.steps.BaseStepListener - stepStarted: net.thucydides.core.steps.ExecutedStepDescription@3119ec0d
[Test worker] WARN net.thucydides.core.steps.BaseStepListener - stepStarted: net.thucydides.core.steps.ExecutedStepDescription@4b931189
[Test worker] WARN net.thucydides.core.steps.BaseStepListener - stepFinished: current outcome:Search for automation course:Given than santiago wants to learn automation at the academy choucair
| strUser | strPassword |
| 1020750889 | Choucair2021* | [Santiago open up [santiago opens the Choucair academy page], Santiago login [santiago clicks on button that shows us the form to login, santiago enters '1020750889' into were do we write the user, santiago enters 'Choucair2021*' into were do we write the password, santiago clicks on button to confirm login]], When he search for the course on the choucair academy platform
| strCourse |
| Foundation Level | [Santiago search [santiago clicks on Selecciona la certificacion choucair]]
[Test worker] WARN net.thucydides.core.steps.BaseStepListener - stepStarted: net.thucydides.core.steps.ExecutedStepDescription@4f6f8c56
[Test worker] WARN net.thucydides.core.steps.BaseStepListener - stepFinished: current outcome:Search for automation course:Given than santiago wants to learn automation at the academy choucair
| strUser | strPassword |
| 1020750889 | Choucair2021* | [Santiago open up [santiago opens the Choucair academy page], Santiago login [santiago clicks on button that shows us the form to login, santiago enters '1020750889' into were do we write the user, santiago enters 'Choucair2021*' into were do we write the password, santiago clicks on button to confirm login]], When he search for the course on the choucair academy platform
| strCourse |
| Foundation Level | [Santiago search [santiago clicks on Selecciona la certificacion choucair, santiago enters 'Foundation Level' into Busca el curso]]
[Test worker] WARN net.thucydides.core.steps.BaseStepListener - stepStarted: net.thucydides.core.steps.ExecutedStepDescription@29fc8646
[Test worker] WARN net.thucydides.core.steps.BaseStepListener - stepFinished: current outcome:Search for automation course:Given than santiago wants to learn automation at the academy choucair
| strUser | strPassword |
| 1020750889 | Choucair2021* | [Santiago open up [santiago opens the Choucair academy page], Santiago login [santiago clicks on button that shows us the form to login, santiago enters '1020750889' into were do we write the user, santiago enters 'Choucair2021*' into were do we write the password, santiago clicks on button to confirm login]], When he search for the course on the choucair academy platform
| strCourse |
| Foundation Level | [Santiago search [santiago clicks on Selecciona la certificacion choucair, santiago enters 'Foundation Level' into Busca el curso, santiago clicks on Clic para buscar el curso]]
[Test worker] WARN net.thucydides.core.steps.BaseStepListener - stepStarted: net.thucydides.core.steps.ExecutedStepDescription@4a74b0a
[Test worker] WARN net.thucydides.core.steps.BaseStepListener - stepFinished: current outcome:Search for automation course:Given than santiago wants to learn automation at the academy choucair
| strUser | strPassword |
| 1020750889 | Choucair2021* | [Santiago open up [santiago opens the Choucair academy page], Santiago login [santiago clicks on button that shows us the form to login, santiago enters '1020750889' into were do we write the user, santiago enters 'Choucair2021*' into were do we write the password, santiago clicks on button to confirm login]], When he search for the course on the choucair academy platform
| strCourse |
| Foundation Level | [Santiago search [santiago clicks on Selecciona la certificacion choucair, santiago enters 'Foundation Level' into Busca el curso, santiago clicks on Clic para buscar el curso, santiago clicks on Clic para buscar el curso]]
[Test worker] WARN net.thucydides.core.steps.BaseStepListener - stepFinished: current outcome:Search for automation course:Given than santiago wants to learn automation at the academy choucair
| strUser | strPassword |
| 1020750889 | Choucair2021* | [Santiago open up [santiago opens the Choucair academy page], Santiago login [santiago clicks on button that shows us the form to login, santiago enters '1020750889' into were do we write the user, santiago enters 'Choucair2021*' into were do we write the password, santiago clicks on button to confirm login]], When he search for the course on the choucair academy platform
| strCourse |
| Foundation Level | [Santiago search [santiago clicks on Selecciona la certificacion choucair, santiago enters 'Foundation Level' into Busca el curso, santiago clicks on Clic para buscar el curso, santiago clicks on Clic para buscar el curso]]
[Test worker] WARN net.thucydides.core.steps.BaseStepListener - stepFinished: current outcome:Search for automation course:Given than santiago wants to learn automation at the academy choucair
| strUser | strPassword |
| 1020750889 | Choucair2021* | [Santiago open up [santiago opens the Choucair academy page], Santiago login [santiago clicks on button that shows us the form to login, santiago enters '1020750889' into were do we write the user, santiago enters 'Choucair2021*' into were do we write the password, santiago clicks on button to confirm login]], When he search for the course on the choucair academy platform
| strCourse |
| Foundation Level | [Santiago search [santiago clicks on Selecciona la certificacion choucair, santiago enters 'Foundation Level' into Busca el curso, santiago clicks on Clic para buscar el curso, santiago clicks on Clic para buscar el curso]]
[Test worker] WARN net.thucydides.core.steps.BaseStepListener - stepStarted: net.thucydides.core.steps.ExecutedStepDescription@7c649c7a
[Test worker] WARN net.thucydides.core.steps.BaseStepListener - stepStarted: net.thucydides.core.steps.ExecutedStepDescription@2f90b19e
[Test worker] WARN net.thucydides.core.steps.BaseStepListener - stepFinished: current outcome:Search for automation course:Given than santiago wants to learn automation at the academy choucair
| strUser | strPassword |
| 1020750889 | Choucair2021* | [Santiago open up [santiago opens the Choucair academy page], Santiago login [santiago clicks on button that shows us the form to login, santiago enters '1020750889' into were do we write the user, santiago enters 'Choucair2021*' into were do we write the password, santiago clicks on button to confirm login]], When he search for the course on the choucair academy platform
| strCourse |
| Foundation Level | [Santiago search [santiago clicks on Selecciona la certificacion choucair, santiago enters 'Foundation Level' into Busca el curso, santiago clicks on Clic para buscar el curso, santiago clicks on Clic para buscar el curso]], Then he finds the course called
| strCourse |
| Foundation Level | [Then answer]
[Test worker] WARN net.thucydides.core.steps.BaseStepListener - stepFinished: current outcome:Search for automation course:Given than santiago wants to learn automation at the academy choucair
| strUser | strPassword |
| 1020750889 | Choucair2021* | [Santiago open up [santiago opens the Choucair academy page], Santiago login [santiago clicks on button that shows us the form to login, santiago enters '1020750889' into were do we write the user, santiago enters 'Choucair2021*' into were do we write the password, santiago clicks on button to confirm login]], When he search for the course on the choucair academy platform
| strCourse |
| Foundation Level | [Santiago search [santiago clicks on Selecciona la certificacion choucair, santiago enters 'Foundation Level' into Busca el curso, santiago clicks on Clic para buscar el curso, santiago clicks on Clic para buscar el curso]], Then he finds the course called
| strCourse |
| Foundation Level | [Then answer]
[Test worker] WARN net.thucydides.core.steps.BaseStepListener - testFinished: Search for automation course:Given than santiago wants to learn automation at the academy choucair
| strUser | strPassword |
| 1020750889 | Choucair2021* | [Santiago open up [santiago opens the Choucair academy page], Santiago login [santiago clicks on button that shows us the form to login, santiago enters '1020750889' into were do we write the user, santiago enters 'Choucair2021*' into were do we write the password, santiago clicks on button to confirm login]], When he search for the course on the choucair academy platform
| strCourse |
| Foundation Level | [Santiago search [santiago clicks on Selecciona la certificacion choucair, santiago enters 'Foundation Level' into Busca el curso, santiago clicks on Clic para buscar el curso, santiago clicks on Clic para buscar el curso]], Then he finds the course called
| strCourse |
| Foundation Level | [Then answer]
[Test worker] WARN net.thucydides.core.steps.BaseStepListener - TestOutcomes: [Search for automation course:Given than santiago wants to learn automation at the academy choucair
| strUser | strPassword |
| 1020750889 | Choucair2021* | [Santiago open up [santiago opens the Choucair academy page], Santiago login [santiago clicks on button that shows us the form to login, santiago enters '1020750889' into were do we write the user, santiago enters 'Choucair2021*' into were do we write the password, santiago clicks on button to confirm login]], When he search for the course on the choucair academy platform
| strCourse |
| Foundation Level | [Santiago search [santiago clicks on Selecciona la certificacion choucair, santiago enters 'Foundation Level' into Busca el curso, santiago clicks on Clic para buscar el curso, santiago clicks on Clic para buscar el curso]], Then he finds the course called
| strCourse |
| Foundation Level | [Then answer]]
[Test worker] WARN net.thucydides.core.steps.BaseStepListener - Final testOutcomes: [Search for automation course:Given than santiago wants to learn automation at the academy choucair
| strUser | strPassword |
| 1020750889 | Choucair2021* | [Santiago open up [santiago opens the Choucair academy page], Santiago login [santiago clicks on button that shows us the form to login, santiago enters '1020750889' into were do we write the user, santiago enters 'Choucair2021*' into were do we write the password, santiago clicks on button to confirm login]], When he search for the course on the choucair academy platform
| strCourse |
| Foundation Level | [Santiago search [santiago clicks on Selecciona la certificacion choucair, santiago enters 'Foundation Level' into Busca el curso, santiago clicks on Clic para buscar el curso, santiago clicks on Clic para buscar el curso]], Then he finds the course called
| strCourse |
| Foundation Level | [Then answer]]
[Test worker] INFO net.thucydides.core.steps.ConsoleLoggingListener - 
        __    _____ _____ ____ _____   ____   _    ____  ____  _____ ____  
  _     \ \  |_   _| ____/ ___|_   _| |  _ \ / \  / ___|/ ___|| ____|  _ \ 
 (_)_____| |   | | |  _| \___ \ | |   | |_) / _ \ \___ \\___ \|  _| | | | |
  _|_____| |   | | | |___ ___) || |   |  __/ ___ \ ___) |___) | |___| |_| |
 (_)     | |   |_| |_____|____/ |_|   |_| /_/   \_\____/|____/|_____|____/ 
        /_/                                                                

TEST PASSED: Search for automation course
----------------------------------------------------------------------------
]]></system-err>
</testsuite>
